2024-03-07 15:32:47,777 - src.setup - INFO - ====== Setup Logging ======
2024-03-07 15:33:11,444 - src.setup - INFO - ====== Setup Driver ======
2024-03-07 15:33:23,834 - src.setup - INFO - ====== Setup Wait ======
2024-03-07 15:33:27,516 - src.setup - INFO - Wait setup complete.
2024-03-07 15:34:00,962 - src.setup - INFO - Try to access website.
2024-03-07 15:34:53,913 - WDM - INFO - ====== WebDriver manager ======
2024-03-07 15:34:54,598 - WDM - INFO - Get LATEST chromedriver version for google-chrome
2024-03-07 15:34:54,894 - WDM - INFO - Get LATEST chromedriver version for google-chrome
2024-03-07 15:34:55,144 - WDM - INFO - Driver [C:\Users\elias\.wdm\drivers\chromedriver\win64\122.0.6261.94\chromedriver-win32/chromedriver.exe] found in cache
2024-03-07 15:35:26,316 - src.setup - INFO - Driver setup complete.
2024-03-07 15:35:40,765 - src.setup - INFO - ====== Setup Wait ======
2024-03-07 15:36:35,613 - src.setup - INFO - Wait setup complete.
2024-03-07 15:36:45,776 - src.setup - ERROR - Unable to access the website: NameError: name 'SetupWait' is not defined

Refatoracao do codigo:
2024-03-07 17:34:51,504 - src.setup - INFO - ====== Setup Logging ======
2024-03-07 17:36:01,001 - src.setup - INFO - ====== Setup Logging ======
2024-03-07 17:43:29,097 - src.setup - INFO - ====== Setup Logging ======
2024-03-07 17:46:19,291 - src.setup - INFO - ====== Setup Logging ======
2024-03-07 17:52:53,257 - src.setup - INFO - ====== Setup Logging ======
2024-03-07 17:53:23,088 - src.setup - INFO - ====== Setup Logging ======
2024-03-07 17:54:09,193 - src.setup - INFO - ====== Setup Logging ======
2024-03-07 17:55:06,659 - src.setup - INFO - ====== Setup Logging ======
2024-03-07 18:00:27,431 - src.setup - INFO - ====== Setup Logging ======
2024-03-07 18:00:27,431 - src.setup - INFO - ====== Setup Driver ======
2024-03-07 18:00:27,431 - src.setup - INFO - ChromeOptions setup complete.
2024-03-07 18:00:27,431 - WDM - INFO - ====== WebDriver manager ======
2024-03-07 18:00:28,253 - WDM - INFO - Get LATEST chromedriver version for google-chrome
2024-03-07 18:00:28,253 - urllib3.connectionpool - DEBUG - Starting new HTTPS connection (1): googlechromelabs.github.io:443
2024-03-07 18:00:28,493 - urllib3.connectionpool - DEBUG - https://googlechromelabs.github.io:443 "GET /chrome-for-testing/latest-patch-versions-per-build.json HTTP/1.1" 200 4390
2024-03-07 18:00:28,493 - WDM - INFO - Get LATEST chromedriver version for google-chrome
2024-03-07 18:00:28,493 - urllib3.connectionpool - DEBUG - Starting new HTTPS connection (1): googlechromelabs.github.io:443
2024-03-07 18:00:28,716 - urllib3.connectionpool - DEBUG - https://googlechromelabs.github.io:443 "GET /chrome-for-testing/latest-patch-versions-per-build.json HTTP/1.1" 200 4390
2024-03-07 18:00:28,716 - WDM - INFO - There is no [win64] chromedriver "122.0.6261.111" for browser google-chrome "122.0.6261" in cache
2024-03-07 18:00:28,716 - WDM - INFO - Get LATEST chromedriver version for google-chrome
2024-03-07 18:00:28,716 - urllib3.connectionpool - DEBUG - Starting new HTTPS connection (1): googlechromelabs.github.io:443
2024-03-07 18:00:28,935 - urllib3.connectionpool - DEBUG - https://googlechromelabs.github.io:443 "GET /chrome-for-testing/latest-patch-versions-per-build.json HTTP/1.1" 200 4390
2024-03-07 18:00:28,935 - urllib3.connectionpool - DEBUG - Starting new HTTPS connection (1): googlechromelabs.github.io:443
2024-03-07 18:00:29,173 - urllib3.connectionpool - DEBUG - https://googlechromelabs.github.io:443 "GET /chrome-for-testing/known-good-versions-with-downloads.json HTTP/1.1" 200 30847
2024-03-07 18:00:29,220 - WDM - INFO - WebDriver version 122.0.6261.111 selected
2024-03-07 18:00:29,220 - WDM - INFO - Modern chrome version https://storage.googleapis.com/chrome-for-testing-public/122.0.6261.111/win32/chromedriver-win32.zip
2024-03-07 18:00:29,220 - WDM - INFO - About to download new driver from https://storage.googleapis.com/chrome-for-testing-public/122.0.6261.111/win32/chromedriver-win32.zip
2024-03-07 18:00:29,220 - urllib3.connectionpool - DEBUG - Starting new HTTPS connection (1): storage.googleapis.com:443
2024-03-07 18:00:29,517 - urllib3.connectionpool - DEBUG - https://storage.googleapis.com:443 "GET /chrome-for-testing-public/122.0.6261.111/win32/chromedriver-win32.zip HTTP/1.1" 200 8001398
2024-03-07 18:00:29,517 - WDM - INFO - Driver downloading response is 200
2024-03-07 18:00:32,025 - WDM - INFO - Get LATEST chromedriver version for google-chrome
2024-03-07 18:00:32,025 - urllib3.connectionpool - DEBUG - Starting new HTTPS connection (1): googlechromelabs.github.io:443
2024-03-07 18:00:32,284 - urllib3.connectionpool - DEBUG - https://googlechromelabs.github.io:443 "GET /chrome-for-testing/latest-patch-versions-per-build.json HTTP/1.1" 200 4390
2024-03-07 18:00:32,369 - WDM - INFO - Driver has been saved in cache [C:\Users\elias\.wdm\drivers\chromedriver\win64\122.0.6261.111]
2024-03-07 18:00:32,478 - selenium.webdriver.common.service - DEBUG - Started executable: `C:\Users\elias\.wdm\drivers\chromedriver\win64\122.0.6261.111\chromedriver-win32/chromedriver.exe` in a child process with pid: 8476 using 0 to output -3
2024-03-07 18:00:32,997 - selenium.webdriver.remote.remote_connection - DEBUG - POST http://localhost:55292/session {'capabilities': {'firstMatch': [{}], 'alwaysMatch': {'browserName': 'chrome', 'pageLoadStrategy': <PageLoadStrategy.normal: 'normal'>, 'goog:chromeOptions': {'detach': True, 'excludeSwitches': ['enable-automation'], 'prefs': {'download.default_directory': 'Downloads', 'download.prompt_for_download': False, 'profile.default_content_setting_values.automatic_downloads': 1, 'download.directory_upgrade': True, 'profile.default_content_setting_values.notifications': 2, 'credentials_enable_service': False, 'profile.password_manager_enabled': False}, 'extensions': [], 'args': ['--block-new-web-contents', '--disable-notifications', '--no-default-browser-check', '--lang=pt-BR', '--window-position=36,68', '--window-size=780,600']}}}}
2024-03-07 18:00:32,997 - urllib3.connectionpool - DEBUG - Starting new HTTP connection (1): localhost:55292
2024-03-07 18:00:33,537 - urllib3.connectionpool - DEBUG - http://localhost:55292 "POST /session HTTP/1.1" 200 0
2024-03-07 18:00:33,537 - selenium.webdriver.remote.remote_connection - DEBUG - Remote response: status=200 | data={"value":{"capabilities":{"acceptInsecureCerts":false,"browserName":"chrome","browserVersion":"122.0.6261.111","chrome":{"chromedriverVersion":"122.0.6261.111 (9d4c1072da62b411b351a38b9ed6214ab236aa7b-refs/branch-heads/6261@{#1015})","userDataDir":"C:\\Users\\elias\\AppData\\Local\\Temp\\scoped_dir8476_613852783"},"fedcm:accounts":true,"goog:chromeOptions":{"debuggerAddress":"localhost:55295"},"networkConnectionEnabled":false,"pageLoadStrategy":"normal","platformName":"windows","proxy":{},"setWindowRect":true,"strictFileInteractability":false,"timeouts":{"implicit":0,"pageLoad":300000,"script":30000},"unhandledPromptBehavior":"dismiss and notify","webauthn:extension:credBlob":true,"webauthn:extension:largeBlob":true,"webauthn:extension:minPinLength":true,"webauthn:extension:prf":true,"webauthn:virtualAuthenticators":true},"sessionId":"11784fb1246be7c42e5146cfca1a083c"}} | headers=HTTPHeaderDict({'Content-Length': '882', 'Content-Type': 'application/json; charset=utf-8', 'cache-control': 'no-cache'})
2024-03-07 18:00:33,537 - selenium.webdriver.remote.remote_connection - DEBUG - Finished Request
2024-03-07 18:00:33,537 - src.setup - INFO - Driver setup complete.
2024-03-07 18:00:33,537 - src.setup - INFO - ====== Setup Wait ======
2024-03-07 18:00:33,537 - src.setup - INFO - Wait setup complete.
2024-03-07 18:03:54,183 - src.setup - INFO - ====== Setup Logging ======
2024-03-07 18:03:54,183 - src.setup - INFO - ====== Setup Driver ======
2024-03-07 18:03:54,183 - src.setup - INFO - ChromeOptions setup complete.
2024-03-07 18:03:54,183 - WDM - INFO - ====== WebDriver manager ======
2024-03-07 18:03:54,953 - WDM - INFO - Get LATEST chromedriver version for google-chrome
2024-03-07 18:03:54,965 - urllib3.connectionpool - DEBUG - Starting new HTTPS connection (1): googlechromelabs.github.io:443
2024-03-07 18:03:55,199 - urllib3.connectionpool - DEBUG - https://googlechromelabs.github.io:443 "GET /chrome-for-testing/latest-patch-versions-per-build.json HTTP/1.1" 200 4390
2024-03-07 18:03:55,202 - WDM - INFO - Get LATEST chromedriver version for google-chrome
2024-03-07 18:03:55,202 - urllib3.connectionpool - DEBUG - Starting new HTTPS connection (1): googlechromelabs.github.io:443
2024-03-07 18:03:55,436 - urllib3.connectionpool - DEBUG - https://googlechromelabs.github.io:443 "GET /chrome-for-testing/latest-patch-versions-per-build.json HTTP/1.1" 200 4390
2024-03-07 18:03:55,436 - WDM - INFO - Driver [C:\Users\elias\.wdm\drivers\chromedriver\win64\122.0.6261.111\chromedriver-win32/chromedriver.exe] found in cache
2024-03-07 18:03:55,452 - selenium.webdriver.common.service - DEBUG - Started executable: `C:\Users\elias\.wdm\drivers\chromedriver\win64\122.0.6261.111\chromedriver-win32/chromedriver.exe` in a child process with pid: 13444 using 0 to output -3
2024-03-07 18:03:55,955 - selenium.webdriver.remote.remote_connection - DEBUG - POST http://localhost:55420/session {'capabilities': {'firstMatch': [{}], 'alwaysMatch': {'browserName': 'chrome', 'pageLoadStrategy': <PageLoadStrategy.normal: 'normal'>, 'goog:chromeOptions': {'detach': True, 'excludeSwitches': ['enable-automation'], 'prefs': {'download.default_directory': 'Downloads', 'download.prompt_for_download': False, 'profile.default_content_setting_values.automatic_downloads': 1, 'download.directory_upgrade': True, 'profile.default_content_setting_values.notifications': 2, 'credentials_enable_service': False, 'profile.password_manager_enabled': False}, 'extensions': [], 'args': ['--block-new-web-contents', '--disable-notifications', '--no-default-browser-check', '--lang=pt-BR', '--window-position=36,68', '--window-size=780,600']}}}}
2024-03-07 18:03:55,955 - urllib3.connectionpool - DEBUG - Starting new HTTP connection (1): localhost:55420
2024-03-07 18:03:56,513 - urllib3.connectionpool - DEBUG - http://localhost:55420 "POST /session HTTP/1.1" 200 0
2024-03-07 18:03:56,513 - selenium.webdriver.remote.remote_connection - DEBUG - Remote response: status=200 | data={"value":{"capabilities":{"acceptInsecureCerts":false,"browserName":"chrome","browserVersion":"122.0.6261.111","chrome":{"chromedriverVersion":"122.0.6261.111 (9d4c1072da62b411b351a38b9ed6214ab236aa7b-refs/branch-heads/6261@{#1015})","userDataDir":"C:\\Users\\elias\\AppData\\Local\\Temp\\scoped_dir13444_724372626"},"fedcm:accounts":true,"goog:chromeOptions":{"debuggerAddress":"localhost:55423"},"networkConnectionEnabled":false,"pageLoadStrategy":"normal","platformName":"windows","proxy":{},"setWindowRect":true,"strictFileInteractability":false,"timeouts":{"implicit":0,"pageLoad":300000,"script":30000},"unhandledPromptBehavior":"dismiss and notify","webauthn:extension:credBlob":true,"webauthn:extension:largeBlob":true,"webauthn:extension:minPinLength":true,"webauthn:extension:prf":true,"webauthn:virtualAuthenticators":true},"sessionId":"4e74f9b6c1876cd303f77e9b5d206754"}} | headers=HTTPHeaderDict({'Content-Length': '883', 'Content-Type': 'application/json; charset=utf-8', 'cache-control': 'no-cache'})
2024-03-07 18:03:56,514 - selenium.webdriver.remote.remote_connection - DEBUG - Finished Request
2024-03-07 18:03:56,514 - src.setup - INFO - Driver setup complete.
2024-03-07 18:03:56,514 - src.setup - INFO - ====== Setup Wait ======
2024-03-07 18:03:56,514 - src.setup - INFO - Wait setup complete.
2024-03-07 18:03:56,514 - selenium.webdriver.remote.remote_connection - DEBUG - POST http://localhost:55420/session/4e74f9b6c1876cd303f77e9b5d206754/url {'url': 'https://cursoautomacao.netlify.app/login'}
2024-03-07 18:03:57,677 - urllib3.connectionpool - DEBUG - http://localhost:55420 "POST /session/4e74f9b6c1876cd303f77e9b5d206754/url HTTP/1.1" 200 0
2024-03-07 18:03:57,677 - selenium.webdriver.remote.remote_connection - DEBUG - Remote response: status=200 | data={"value":null} | headers=HTTPHeaderDict({'Content-Length': '14', 'Content-Type': 'application/json; charset=utf-8', 'cache-control': 'no-cache'})
2024-03-07 18:03:57,677 - selenium.webdriver.remote.remote_connection - DEBUG - Finished Request
2024-03-07 18:07:17,715 - src.setup - INFO - ====== Setup Logging ======
2024-03-07 18:07:17,715 - src.setup - INFO - ====== Setup Driver ======
2024-03-07 18:07:17,715 - src.setup - INFO - ChromeOptions setup complete.
2024-03-07 18:07:17,715 - WDM - INFO - ====== WebDriver manager ======
2024-03-07 18:07:18,457 - WDM - INFO - Get LATEST chromedriver version for google-chrome
2024-03-07 18:07:18,457 - urllib3.connectionpool - DEBUG - Starting new HTTPS connection (1): googlechromelabs.github.io:443
2024-03-07 18:07:18,707 - urllib3.connectionpool - DEBUG - https://googlechromelabs.github.io:443 "GET /chrome-for-testing/latest-patch-versions-per-build.json HTTP/1.1" 200 4390
2024-03-07 18:07:18,707 - WDM - INFO - Get LATEST chromedriver version for google-chrome
2024-03-07 18:07:18,707 - urllib3.connectionpool - DEBUG - Starting new HTTPS connection (1): googlechromelabs.github.io:443
2024-03-07 18:07:18,957 - urllib3.connectionpool - DEBUG - https://googlechromelabs.github.io:443 "GET /chrome-for-testing/latest-patch-versions-per-build.json HTTP/1.1" 200 4390
2024-03-07 18:07:18,959 - WDM - INFO - Driver [C:\Users\elias\.wdm\drivers\chromedriver\win64\122.0.6261.111\chromedriver-win32/chromedriver.exe] found in cache
2024-03-07 18:07:18,959 - selenium.webdriver.common.service - DEBUG - Started executable: `C:\Users\elias\.wdm\drivers\chromedriver\win64\122.0.6261.111\chromedriver-win32/chromedriver.exe` in a child process with pid: 18528 using 0 to output -3
2024-03-07 18:07:19,477 - selenium.webdriver.remote.remote_connection - DEBUG - POST http://localhost:55850/session {'capabilities': {'firstMatch': [{}], 'alwaysMatch': {'browserName': 'chrome', 'pageLoadStrategy': <PageLoadStrategy.normal: 'normal'>, 'goog:chromeOptions': {'detach': True, 'excludeSwitches': ['enable-automation'], 'prefs': {'download.default_directory': 'Downloads', 'download.prompt_for_download': False, 'profile.default_content_setting_values.automatic_downloads': 1, 'download.directory_upgrade': True, 'profile.default_content_setting_values.notifications': 2, 'credentials_enable_service': False, 'profile.password_manager_enabled': False}, 'extensions': [], 'args': ['--block-new-web-contents', '--disable-notifications', '--no-default-browser-check', '--lang=pt-BR', '--window-position=36,68', '--window-size=780,600', '--headless']}}}}
2024-03-07 18:07:19,478 - urllib3.connectionpool - DEBUG - Starting new HTTP connection (1): localhost:55850
2024-03-07 18:07:19,937 - urllib3.connectionpool - DEBUG - http://localhost:55850 "POST /session HTTP/1.1" 200 0
2024-03-07 18:07:19,937 - selenium.webdriver.remote.remote_connection - DEBUG - Remote response: status=200 | data={"value":{"capabilities":{"acceptInsecureCerts":false,"browserName":"chrome-headless-shell","browserVersion":"122.0.6261.111","chrome":{"chromedriverVersion":"122.0.6261.111 (9d4c1072da62b411b351a38b9ed6214ab236aa7b-refs/branch-heads/6261@{#1015})","userDataDir":"C:\\Users\\elias\\AppData\\Local\\Temp\\scoped_dir18528_21605910"},"fedcm:accounts":true,"goog:chromeOptions":{"debuggerAddress":"localhost:55853"},"networkConnectionEnabled":false,"pageLoadStrategy":"normal","platformName":"windows","proxy":{},"setWindowRect":true,"strictFileInteractability":false,"timeouts":{"implicit":0,"pageLoad":300000,"script":30000},"unhandledPromptBehavior":"dismiss and notify","webauthn:extension:credBlob":true,"webauthn:extension:largeBlob":true,"webauthn:extension:minPinLength":true,"webauthn:extension:prf":true,"webauthn:virtualAuthenticators":true},"sessionId":"2abd9e717495f66528b227b220caa6dc"}} | headers=HTTPHeaderDict({'Content-Length': '897', 'Content-Type': 'application/json; charset=utf-8', 'cache-control': 'no-cache'})
2024-03-07 18:07:19,937 - selenium.webdriver.remote.remote_connection - DEBUG - Finished Request
2024-03-07 18:07:19,937 - src.setup - INFO - Driver setup complete.
2024-03-07 18:07:19,937 - src.setup - INFO - ====== Setup Wait ======
2024-03-07 18:07:19,937 - src.setup - INFO - Wait setup complete.
2024-03-07 18:07:19,937 - selenium.webdriver.remote.remote_connection - DEBUG - POST http://localhost:55850/session/2abd9e717495f66528b227b220caa6dc/url {'url': 'https://cursoautomacao.netlify.app/login'}
2024-03-07 18:07:23,348 - urllib3.connectionpool - DEBUG - http://localhost:55850 "POST /session/2abd9e717495f66528b227b220caa6dc/url HTTP/1.1" 200 0
2024-03-07 18:07:23,348 - selenium.webdriver.remote.remote_connection - DEBUG - Remote response: status=200 | data={"value":null} | headers=HTTPHeaderDict({'Content-Length': '14', 'Content-Type': 'application/json; charset=utf-8', 'cache-control': 'no-cache'})
2024-03-07 18:07:23,348 - selenium.webdriver.remote.remote_connection - DEBUG - Finished Request
2024-03-07 18:13:00,475 - src.setup - INFO - ====== Setup Logging ======
2024-03-07 18:13:00,475 - src.setup - INFO - ====== Setup Driver ======
2024-03-07 18:13:00,475 - src.setup - INFO - ChromeOptions setup complete.
2024-03-07 18:13:00,475 - WDM - INFO - ====== WebDriver manager ======
2024-03-07 18:13:01,229 - WDM - INFO - Get LATEST chromedriver version for google-chrome
2024-03-07 18:13:01,245 - urllib3.connectionpool - DEBUG - Starting new HTTPS connection (1): googlechromelabs.github.io:443
2024-03-07 18:13:01,479 - urllib3.connectionpool - DEBUG - https://googlechromelabs.github.io:443 "GET /chrome-for-testing/latest-patch-versions-per-build.json HTTP/1.1" 200 4398
2024-03-07 18:13:01,479 - WDM - INFO - Get LATEST chromedriver version for google-chrome
2024-03-07 18:13:01,479 - urllib3.connectionpool - DEBUG - Starting new HTTPS connection (1): googlechromelabs.github.io:443
2024-03-07 18:13:01,725 - urllib3.connectionpool - DEBUG - https://googlechromelabs.github.io:443 "GET /chrome-for-testing/latest-patch-versions-per-build.json HTTP/1.1" 200 4398
2024-03-07 18:13:01,725 - WDM - INFO - Driver [C:\Users\elias\.wdm\drivers\chromedriver\win64\122.0.6261.111\chromedriver-win32/chromedriver.exe] found in cache
2024-03-07 18:13:01,725 - selenium.webdriver.common.service - DEBUG - Started executable: `C:\Users\elias\.wdm\drivers\chromedriver\win64\122.0.6261.111\chromedriver-win32/chromedriver.exe` in a child process with pid: 16728 using 0 to output -3
2024-03-07 18:13:02,240 - selenium.webdriver.remote.remote_connection - DEBUG - POST http://localhost:56080/session {'capabilities': {'firstMatch': [{}], 'alwaysMatch': {'browserName': 'chrome', 'pageLoadStrategy': <PageLoadStrategy.normal: 'normal'>, 'goog:chromeOptions': {'detach': True, 'excludeSwitches': ['enable-automation'], 'prefs': {'download.default_directory': 'Downloads', 'download.prompt_for_download': False, 'profile.default_content_setting_values.automatic_downloads': 1, 'download.directory_upgrade': True, 'profile.default_content_setting_values.notifications': 2, 'credentials_enable_service': False, 'profile.password_manager_enabled': False}, 'extensions': [], 'args': ['--block-new-web-contents', '--disable-notifications', '--no-default-browser-check', '--lang=pt-BR', '--window-position=36,68', '--window-size=780,600']}}}}
2024-03-07 18:13:02,241 - urllib3.connectionpool - DEBUG - Starting new HTTP connection (1): localhost:56080
2024-03-07 18:13:02,758 - urllib3.connectionpool - DEBUG - http://localhost:56080 "POST /session HTTP/1.1" 200 0
2024-03-07 18:13:02,758 - selenium.webdriver.remote.remote_connection - DEBUG - Remote response: status=200 | data={"value":{"capabilities":{"acceptInsecureCerts":false,"browserName":"chrome","browserVersion":"122.0.6261.111","chrome":{"chromedriverVersion":"122.0.6261.111 (9d4c1072da62b411b351a38b9ed6214ab236aa7b-refs/branch-heads/6261@{#1015})","userDataDir":"C:\\Users\\elias\\AppData\\Local\\Temp\\scoped_dir16728_1474813808"},"fedcm:accounts":true,"goog:chromeOptions":{"debuggerAddress":"localhost:56083"},"networkConnectionEnabled":false,"pageLoadStrategy":"normal","platformName":"windows","proxy":{},"setWindowRect":true,"strictFileInteractability":false,"timeouts":{"implicit":0,"pageLoad":300000,"script":30000},"unhandledPromptBehavior":"dismiss and notify","webauthn:extension:credBlob":true,"webauthn:extension:largeBlob":true,"webauthn:extension:minPinLength":true,"webauthn:extension:prf":true,"webauthn:virtualAuthenticators":true},"sessionId":"1a09899505574a725b39e02e70c26918"}} | headers=HTTPHeaderDict({'Content-Length': '884', 'Content-Type': 'application/json; charset=utf-8', 'cache-control': 'no-cache'})
2024-03-07 18:13:02,758 - selenium.webdriver.remote.remote_connection - DEBUG - Finished Request
2024-03-07 18:13:02,758 - src.setup - INFO - Driver setup complete.
2024-03-07 18:13:02,758 - src.setup - INFO - ====== Setup Wait ======
2024-03-07 18:13:02,758 - src.setup - INFO - Wait setup complete.
2024-03-07 18:13:02,765 - selenium.webdriver.remote.remote_connection - DEBUG - POST http://localhost:56080/session/1a09899505574a725b39e02e70c26918/url {'url': 'https://cursoautomacao.netlify.app/login'}
2024-03-07 18:13:03,139 - urllib3.connectionpool - DEBUG - http://localhost:56080 "POST /session/1a09899505574a725b39e02e70c26918/url HTTP/1.1" 200 0
2024-03-07 18:13:03,139 - selenium.webdriver.remote.remote_connection - DEBUG - Remote response: status=200 | data={"value":null} | headers=HTTPHeaderDict({'Content-Length': '14', 'Content-Type': 'application/json; charset=utf-8', 'cache-control': 'no-cache'})
2024-03-07 18:13:03,139 - selenium.webdriver.remote.remote_connection - DEBUG - Finished Request
2024-03-07 18:13:03,139 - src.setup - INFO - start to visibility_of_element_located
2024-03-07 18:13:03,139 - selenium.webdriver.remote.remote_connection - DEBUG - POST http://localhost:56080/session/1a09899505574a725b39e02e70c26918/element {'using': 'xpath', 'value': '//input[@class="form-control"]'}
2024-03-07 18:13:03,155 - urllib3.connectionpool - DEBUG - http://localhost:56080 "POST /session/1a09899505574a725b39e02e70c26918/element HTTP/1.1" 200 0
2024-03-07 18:13:03,155 - selenium.webdriver.remote.remote_connection - DEBUG - Remote response: status=200 | data={"value":{"element-6066-11e4-a52e-4f735466cecf":"f.EB1F535117073A4C388227DF7B0A3D6E.d.3B33E69F1ACBB0D62E0140596621ED15.e.5"}} | headers=HTTPHeaderDict({'Content-Length': '125', 'Content-Type': 'application/json; charset=utf-8', 'cache-control': 'no-cache'})
2024-03-07 18:13:03,155 - selenium.webdriver.remote.remote_connection - DEBUG - Finished Request
2024-03-07 18:13:03,233 - selenium.webdriver.remote.remote_connection - DEBUG - POST http://localhost:56080/session/1a09899505574a725b39e02e70c26918/execute/sync {'script': '/* isDisplayed */return (function(){return (function(){var k=this||self;function aa(a){return"string...', 'args': [{'element-6066-11e4-a52e-4f735466cecf': 'f.EB1F535117073A4C388227DF7B0A3D6E.d.3B33E69F1ACBB0D62E0140596621ED15.e.5'}]}
2024-03-07 18:13:03,250 - urllib3.connectionpool - DEBUG - http://localhost:56080 "POST /session/1a09899505574a725b39e02e70c26918/execute/sync HTTP/1.1" 200 0
2024-03-07 18:13:03,250 - selenium.webdriver.remote.remote_connection - DEBUG - Remote response: status=200 | data={"value":true} | headers=HTTPHeaderDict({'Content-Length': '14', 'Content-Type': 'application/json; charset=utf-8', 'cache-control': 'no-cache'})
2024-03-07 18:13:03,250 - selenium.webdriver.remote.remote_connection - DEBUG - Finished Request
2024-03-07 18:13:03,250 - src.setup - INFO - finish to visibility_of_element_located
2024-03-07 18:18:39,226 - src.setup - INFO - ====== Setup Logging ======
2024-03-07 18:18:39,226 - src.setup - INFO - ====== Setup Driver ======
2024-03-07 18:18:39,226 - src.setup - INFO - ChromeOptions setup complete.
2024-03-07 18:18:39,226 - WDM - INFO - ====== WebDriver manager ======
2024-03-07 18:18:40,004 - WDM - INFO - Get LATEST chromedriver version for google-chrome
2024-03-07 18:18:40,007 - urllib3.connectionpool - DEBUG - Starting new HTTPS connection (1): googlechromelabs.github.io:443
2024-03-07 18:18:40,233 - urllib3.connectionpool - DEBUG - https://googlechromelabs.github.io:443 "GET /chrome-for-testing/latest-patch-versions-per-build.json HTTP/1.1" 200 4398
2024-03-07 18:18:40,233 - WDM - INFO - Get LATEST chromedriver version for google-chrome
2024-03-07 18:18:40,233 - urllib3.connectionpool - DEBUG - Starting new HTTPS connection (1): googlechromelabs.github.io:443
2024-03-07 18:18:40,483 - urllib3.connectionpool - DEBUG - https://googlechromelabs.github.io:443 "GET /chrome-for-testing/latest-patch-versions-per-build.json HTTP/1.1" 200 4398
2024-03-07 18:18:40,500 - WDM - INFO - Driver [C:\Users\elias\.wdm\drivers\chromedriver\win64\122.0.6261.111\chromedriver-win32/chromedriver.exe] found in cache
2024-03-07 18:18:40,515 - selenium.webdriver.common.service - DEBUG - Started executable: `C:\Users\elias\.wdm\drivers\chromedriver\win64\122.0.6261.111\chromedriver-win32/chromedriver.exe` in a child process with pid: 19868 using 0 to output -3
2024-03-07 18:18:41,016 - selenium.webdriver.remote.remote_connection - DEBUG - POST http://localhost:56294/session {'capabilities': {'firstMatch': [{}], 'alwaysMatch': {'browserName': 'chrome', 'pageLoadStrategy': <PageLoadStrategy.normal: 'normal'>, 'goog:chromeOptions': {'detach': True, 'excludeSwitches': ['enable-automation'], 'prefs': {'download.default_directory': 'Downloads', 'download.prompt_for_download': False, 'profile.default_content_setting_values.automatic_downloads': 1, 'download.directory_upgrade': True, 'profile.default_content_setting_values.notifications': 2, 'credentials_enable_service': False, 'profile.password_manager_enabled': False}, 'extensions': [], 'args': ['--block-new-web-contents', '--disable-notifications', '--no-default-browser-check', '--lang=pt-BR', '--window-position=36,68', '--window-size=780,600']}}}}
2024-03-07 18:18:41,016 - urllib3.connectionpool - DEBUG - Starting new HTTP connection (1): localhost:56294
2024-03-07 18:18:41,616 - urllib3.connectionpool - DEBUG - http://localhost:56294 "POST /session HTTP/1.1" 200 0
2024-03-07 18:18:41,617 - selenium.webdriver.remote.remote_connection - DEBUG - Remote response: status=200 | data={"value":{"capabilities":{"acceptInsecureCerts":false,"browserName":"chrome","browserVersion":"122.0.6261.111","chrome":{"chromedriverVersion":"122.0.6261.111 (9d4c1072da62b411b351a38b9ed6214ab236aa7b-refs/branch-heads/6261@{#1015})","userDataDir":"C:\\Users\\elias\\AppData\\Local\\Temp\\scoped_dir19868_623185912"},"fedcm:accounts":true,"goog:chromeOptions":{"debuggerAddress":"localhost:56298"},"networkConnectionEnabled":false,"pageLoadStrategy":"normal","platformName":"windows","proxy":{},"setWindowRect":true,"strictFileInteractability":false,"timeouts":{"implicit":0,"pageLoad":300000,"script":30000},"unhandledPromptBehavior":"dismiss and notify","webauthn:extension:credBlob":true,"webauthn:extension:largeBlob":true,"webauthn:extension:minPinLength":true,"webauthn:extension:prf":true,"webauthn:virtualAuthenticators":true},"sessionId":"edda8f14e6e05185c83cc2689094f94e"}} | headers=HTTPHeaderDict({'Content-Length': '883', 'Content-Type': 'application/json; charset=utf-8', 'cache-control': 'no-cache'})
2024-03-07 18:18:41,617 - selenium.webdriver.remote.remote_connection - DEBUG - Finished Request
2024-03-07 18:18:41,617 - src.setup - INFO - Driver setup complete.
2024-03-07 18:18:41,617 - src.setup - INFO - ====== Setup Wait ======
2024-03-07 18:18:41,617 - src.setup - INFO - Wait setup complete.
2024-03-07 18:18:41,618 - selenium.webdriver.remote.remote_connection - DEBUG - POST http://localhost:56294/session/edda8f14e6e05185c83cc2689094f94e/url {'url': 'https://cursoautomacao.netlify.app/login'}
2024-03-07 18:18:42,135 - urllib3.connectionpool - DEBUG - http://localhost:56294 "POST /session/edda8f14e6e05185c83cc2689094f94e/url HTTP/1.1" 200 0
2024-03-07 18:18:42,135 - selenium.webdriver.remote.remote_connection - DEBUG - Remote response: status=200 | data={"value":null} | headers=HTTPHeaderDict({'Content-Length': '14', 'Content-Type': 'application/json; charset=utf-8', 'cache-control': 'no-cache'})
2024-03-07 18:18:42,135 - selenium.webdriver.remote.remote_connection - DEBUG - Finished Request
2024-03-07 18:18:42,135 - src.setup - INFO - start to visibility_of_element_located
2024-03-07 18:18:42,136 - selenium.webdriver.remote.remote_connection - DEBUG - POST http://localhost:56294/session/edda8f14e6e05185c83cc2689094f94e/element {'using': 'xpath', 'value': '//input[@class="form-control"]'}
2024-03-07 18:18:42,149 - urllib3.connectionpool - DEBUG - http://localhost:56294 "POST /session/edda8f14e6e05185c83cc2689094f94e/element HTTP/1.1" 200 0
2024-03-07 18:18:42,149 - selenium.webdriver.remote.remote_connection - DEBUG - Remote response: status=200 | data={"value":{"element-6066-11e4-a52e-4f735466cecf":"f.B27DD1D0D1C25E3738227EDC49A1F09F.d.0B8E9A65EE45138C0A85642BBAC47B9B.e.5"}} | headers=HTTPHeaderDict({'Content-Length': '125', 'Content-Type': 'application/json; charset=utf-8', 'cache-control': 'no-cache'})
2024-03-07 18:18:42,149 - selenium.webdriver.remote.remote_connection - DEBUG - Finished Request
2024-03-07 18:18:42,149 - selenium.webdriver.remote.remote_connection - DEBUG - POST http://localhost:56294/session/edda8f14e6e05185c83cc2689094f94e/execute/sync {'script': '/* isDisplayed */return (function(){return (function(){var k=this||self;function aa(a){return"string...', 'args': [{'element-6066-11e4-a52e-4f735466cecf': 'f.B27DD1D0D1C25E3738227EDC49A1F09F.d.0B8E9A65EE45138C0A85642BBAC47B9B.e.5'}]}
2024-03-07 18:18:42,164 - urllib3.connectionpool - DEBUG - http://localhost:56294 "POST /session/edda8f14e6e05185c83cc2689094f94e/execute/sync HTTP/1.1" 200 0
2024-03-07 18:18:42,164 - selenium.webdriver.remote.remote_connection - DEBUG - Remote response: status=200 | data={"value":true} | headers=HTTPHeaderDict({'Content-Length': '14', 'Content-Type': 'application/json; charset=utf-8', 'cache-control': 'no-cache'})
2024-03-07 18:18:42,164 - selenium.webdriver.remote.remote_connection - DEBUG - Finished Request
2024-03-07 18:18:42,164 - src.setup - INFO - finish to visibility_of_element_located

==== LOG ATUALIZADO SOMENTE PARA INFO ====

2024-03-07 18:22:06,869 - src.setup - INFO - ====== Setup Logging ======
2024-03-07 18:22:06,869 - src.setup - INFO - ====== Setup Driver ======
2024-03-07 18:22:06,869 - src.setup - INFO - ChromeOptions setup complete.
2024-03-07 18:22:06,869 - WDM - INFO - ====== WebDriver manager ======
2024-03-07 18:22:07,626 - WDM - INFO - Get LATEST chromedriver version for google-chrome
2024-03-07 18:22:07,889 - WDM - INFO - Get LATEST chromedriver version for google-chrome
2024-03-07 18:22:08,170 - WDM - INFO - Driver [C:\Users\elias\.wdm\drivers\chromedriver\win64\122.0.6261.111\chromedriver-win32/chromedriver.exe] found in cache
2024-03-07 18:22:09,246 - src.setup - INFO - Driver setup complete.
2024-03-07 18:22:09,246 - src.setup - INFO - ====== Setup Wait ======
2024-03-07 18:22:09,246 - src.setup - INFO - Wait setup complete.
2024-03-07 18:22:09,631 - src.setup - INFO - start to visibility_of_element_located
2024-03-07 18:22:09,661 - src.setup - INFO - finish to visibility_of_element_located
2024-03-07 18:24:29,392 - src.setup - INFO - ====== Setup Logging ======
2024-03-07 18:24:29,392 - src.setup - INFO - ====== Setup Driver ======
2024-03-07 18:24:29,392 - src.setup - INFO - ChromeOptions setup complete.
2024-03-07 18:24:29,392 - WDM - INFO - ====== WebDriver manager ======
2024-03-07 18:24:30,139 - WDM - INFO - Get LATEST chromedriver version for google-chrome
2024-03-07 18:24:30,429 - WDM - INFO - Get LATEST chromedriver version for google-chrome
2024-03-07 18:24:30,658 - WDM - INFO - Driver [C:\Users\elias\.wdm\drivers\chromedriver\win64\122.0.6261.111\chromedriver-win32/chromedriver.exe] found in cache
2024-03-07 18:24:31,771 - src.setup - INFO - Driver setup complete.
2024-03-07 18:24:31,771 - src.setup - INFO - ====== Setup Wait ======
2024-03-07 18:24:31,771 - src.setup - INFO - Wait setup complete.
2024-03-07 18:24:32,215 - src.setup - INFO - start to visibility_of_element_located
2024-03-07 18:24:32,244 - src.setup - INFO - finish to visibility_of_element_located
2024-03-07 18:24:33,247 - src.setup - INFO - Try to click on element.
2024-03-07 18:24:33,247 - src.setup - ERROR - Unable to click on element: AttributeError: 'WebDriver' object has no attribute 'driver'
2024-03-07 18:25:52,019 - src.setup - INFO - ====== Setup Logging ======
2024-03-07 18:25:52,019 - src.setup - INFO - ====== Setup Driver ======
2024-03-07 18:25:52,019 - src.setup - INFO - ChromeOptions setup complete.
2024-03-07 18:25:52,019 - WDM - INFO - ====== WebDriver manager ======
2024-03-07 18:25:52,762 - WDM - INFO - Get LATEST chromedriver version for google-chrome
2024-03-07 18:25:53,012 - WDM - INFO - Get LATEST chromedriver version for google-chrome
2024-03-07 18:25:53,228 - WDM - INFO - Driver [C:\Users\elias\.wdm\drivers\chromedriver\win64\122.0.6261.111\chromedriver-win32/chromedriver.exe] found in cache
2024-03-07 18:25:54,268 - src.setup - INFO - Driver setup complete.
2024-03-07 18:25:54,268 - src.setup - INFO - ====== Setup Wait ======
2024-03-07 18:25:54,268 - src.setup - INFO - Wait setup complete.
2024-03-07 18:25:55,165 - src.setup - INFO - start to visibility_of_element_located
2024-03-07 18:25:55,191 - src.setup - INFO - finish to visibility_of_element_located
2024-03-07 18:25:56,192 - src.setup - INFO - Try to click on element.
2024-03-07 18:25:56,192 - src.setup - ERROR - Unable to click on element: AttributeError: 'WebDriver' object has no attribute 'driver'
2024-03-07 18:32:11,737 - src.setup - INFO - ====== Setup Logging ======
2024-03-07 18:32:11,737 - src.setup - INFO - ====== Setup Driver ======
2024-03-07 18:32:11,738 - src.setup - INFO - ChromeOptions setup complete.
2024-03-07 18:32:11,738 - WDM - INFO - ====== WebDriver manager ======
2024-03-07 18:32:12,512 - WDM - INFO - Get LATEST chromedriver version for google-chrome
2024-03-07 18:32:12,791 - WDM - INFO - Get LATEST chromedriver version for google-chrome
2024-03-07 18:32:13,019 - WDM - INFO - Driver [C:\Users\elias\.wdm\drivers\chromedriver\win64\122.0.6261.111\chromedriver-win32/chromedriver.exe] found in cache
2024-03-07 18:32:14,084 - src.setup - INFO - Driver setup complete.
2024-03-07 18:32:14,084 - src.setup - INFO - ====== Setup Wait ======
2024-03-07 18:32:14,084 - src.setup - INFO - Wait setup complete.
2024-03-07 18:32:14,252 - src.setup - INFO - start to visibility_of_element_located
2024-03-07 18:32:14,645 - src.setup - INFO - finish to visibility_of_element_located
2024-03-07 18:32:15,647 - src.setup - INFO - Try to click on element.
2024-03-07 18:32:15,647 - src.setup - ERROR - Unable to click on element: AttributeError: 'WebDriver' object has no attribute 'driver'
2024-03-07 18:32:52,926 - src.setup - INFO - ====== Setup Logging ======
2024-03-07 18:32:52,926 - src.setup - INFO - ====== Setup Driver ======
2024-03-07 18:32:52,926 - src.setup - INFO - ChromeOptions setup complete.
2024-03-07 18:32:52,926 - WDM - INFO - ====== WebDriver manager ======
2024-03-07 18:32:53,691 - WDM - INFO - Get LATEST chromedriver version for google-chrome
2024-03-07 18:32:53,940 - WDM - INFO - Get LATEST chromedriver version for google-chrome
2024-03-07 18:32:54,180 - WDM - INFO - Driver [C:\Users\elias\.wdm\drivers\chromedriver\win64\122.0.6261.111\chromedriver-win32/chromedriver.exe] found in cache
2024-03-07 18:32:55,280 - src.setup - INFO - Driver setup complete.
2024-03-07 18:32:55,280 - src.setup - INFO - ====== Setup Wait ======
2024-03-07 18:32:55,280 - src.setup - INFO - Wait setup complete.
2024-03-07 18:32:55,846 - src.setup - INFO - start to visibility_of_element_located
2024-03-07 18:32:55,873 - src.setup - INFO - finish to visibility_of_element_located
2024-03-07 18:32:56,874 - src.setup - INFO - Try to click on element.
2024-03-07 18:32:56,874 - src.setup - ERROR - Unable to click on element: AttributeError: 'WebDriver' object has no attribute 'driver'
2024-03-07 18:33:50,044 - src.setup - INFO - ====== Setup Logging ======
2024-03-07 18:33:50,044 - src.setup - INFO - ====== Setup Driver ======
2024-03-07 18:33:50,044 - src.setup - INFO - ChromeOptions setup complete.
2024-03-07 18:33:50,044 - WDM - INFO - ====== WebDriver manager ======
2024-03-07 18:33:50,801 - WDM - INFO - Get LATEST chromedriver version for google-chrome
2024-03-07 18:33:51,083 - WDM - INFO - Get LATEST chromedriver version for google-chrome
2024-03-07 18:33:51,332 - WDM - INFO - Driver [C:\Users\elias\.wdm\drivers\chromedriver\win64\122.0.6261.111\chromedriver-win32/chromedriver.exe] found in cache
2024-03-07 18:33:52,415 - src.setup - INFO - Driver setup complete.
2024-03-07 18:33:52,415 - src.setup - INFO - ====== Setup Wait ======
2024-03-07 18:33:52,415 - src.setup - INFO - Wait setup complete.
2024-03-07 18:33:52,861 - src.setup - INFO - start to visibility_of_element_located
2024-03-07 18:33:52,888 - src.setup - INFO - finish to visibility_of_element_located
2024-03-07 19:59:14,006 - src.setup - INFO - ====== Setup Logging ======
2024-03-07 20:00:12,514 - src.setup - INFO - ====== Setup Logging ======
2024-03-07 20:00:12,514 - src.setup - INFO - ====== Setup Driver ======
2024-03-07 20:00:12,514 - src.setup - INFO - ChromeOptions setup complete.
2024-03-07 20:00:12,514 - WDM - INFO - ====== WebDriver manager ======
2024-03-07 20:00:13,312 - WDM - INFO - Get LATEST chromedriver version for google-chrome
2024-03-07 20:00:13,589 - WDM - INFO - Get LATEST chromedriver version for google-chrome
2024-03-07 20:00:13,814 - WDM - INFO - Driver [C:\Users\elias\.wdm\drivers\chromedriver\win64\122.0.6261.111\chromedriver-win32/chromedriver.exe] found in cache
2024-03-07 20:00:14,893 - src.setup - INFO - Driver setup complete.
2024-03-07 20:00:14,893 - src.setup - INFO - ====== Setup Wait ======
2024-03-07 20:00:14,893 - src.setup - INFO - Wait setup complete.
2024-03-07 20:00:15,278 - src.setup - INFO - start to visibility_of_element_located
2024-03-07 20:00:15,295 - src.setup - INFO - finish to visibility_of_element_located
2024-03-07 20:04:20,927 - src.setup - INFO - ====== Setup Logging ======
2024-03-07 20:04:20,927 - src.setup - INFO - ====== Setup Driver ======
2024-03-07 20:04:20,927 - src.setup - INFO - ChromeOptions setup complete.
2024-03-07 20:04:20,928 - WDM - INFO - ====== WebDriver manager ======
2024-03-07 20:04:21,687 - WDM - INFO - Get LATEST chromedriver version for google-chrome
2024-03-07 20:04:21,943 - WDM - INFO - Get LATEST chromedriver version for google-chrome
2024-03-07 20:04:22,177 - WDM - INFO - Driver [C:\Users\elias\.wdm\drivers\chromedriver\win64\122.0.6261.111\chromedriver-win32/chromedriver.exe] found in cache
2024-03-07 20:04:23,248 - src.setup - INFO - Driver setup complete.
2024-03-07 20:04:23,248 - src.setup - INFO - ====== Setup Wait ======
2024-03-07 20:04:23,248 - src.setup - INFO - Wait setup complete.
2024-03-07 20:04:23,701 - src.setup - INFO - start to visibility_of_element_located
2024-03-07 20:04:23,727 - src.setup - INFO - finish to visibility_of_element_located
2024-03-07 20:16:45,486 - src.setup - INFO - ====== Setup Logging ======
2024-03-07 20:16:45,486 - src.setup - INFO - ====== Setup Driver ======
2024-03-07 20:16:45,486 - src.setup - INFO - ChromeOptions setup complete.
2024-03-07 20:16:45,486 - WDM - INFO - ====== WebDriver manager ======
2024-03-07 20:16:46,292 - WDM - INFO - Get LATEST chromedriver version for google-chrome
2024-03-07 20:16:46,558 - WDM - INFO - Get LATEST chromedriver version for google-chrome
2024-03-07 20:16:46,791 - WDM - INFO - Driver [C:\Users\elias\.wdm\drivers\chromedriver\win64\122.0.6261.111\chromedriver-win32/chromedriver.exe] found in cache
2024-03-07 20:16:47,867 - src.setup - INFO - Driver setup complete.
2024-03-07 20:16:47,867 - src.setup - INFO - ====== Setup Wait ======
2024-03-07 20:16:47,867 - src.setup - INFO - Wait setup complete.
2024-03-07 20:16:48,573 - src.setup - INFO - start to visibility of element located
2024-03-07 20:16:48,599 - src.setup - INFO - finish to visibility of element located
2024-03-07 20:21:54,399 - src.setup - INFO - ====== Setup Logging ======
2024-03-07 20:21:54,399 - src.setup - INFO - ====== Setup Driver ======
2024-03-07 20:21:54,399 - src.setup - INFO - ChromeOptions setup complete.
2024-03-07 20:21:54,399 - WDM - INFO - ====== WebDriver manager ======
2024-03-07 20:21:55,186 - WDM - INFO - Get LATEST chromedriver version for google-chrome
2024-03-07 20:21:55,418 - WDM - INFO - Get LATEST chromedriver version for google-chrome
2024-03-07 20:21:55,653 - WDM - INFO - Driver [C:\Users\elias\.wdm\drivers\chromedriver\win64\122.0.6261.111\chromedriver-win32/chromedriver.exe] found in cache
2024-03-07 20:21:56,711 - src.setup - INFO - Driver setup complete.
2024-03-07 20:21:56,711 - src.setup - INFO - ====== Setup Wait ======
2024-03-07 20:21:56,711 - src.setup - INFO - Wait setup complete.
2024-03-07 20:21:57,173 - src.setup - INFO - start to visibility of element located
2024-03-07 20:25:00,679 - src.setup - INFO - ====== Setup Logging ======
2024-03-07 20:25:00,679 - src.setup - INFO - ====== Setup Driver ======
2024-03-07 20:25:00,679 - src.setup - INFO - ChromeOptions setup complete.
2024-03-07 20:25:00,679 - WDM - INFO - ====== WebDriver manager ======
2024-03-07 20:25:01,447 - WDM - INFO - Get LATEST chromedriver version for google-chrome
2024-03-07 20:25:01,755 - WDM - INFO - Get LATEST chromedriver version for google-chrome
2024-03-07 20:25:02,043 - WDM - INFO - Driver [C:\Users\elias\.wdm\drivers\chromedriver\win64\122.0.6261.111\chromedriver-win32/chromedriver.exe] found in cache
2024-03-07 20:25:03,098 - src.setup - INFO - Driver setup complete.
2024-03-07 20:25:03,098 - src.setup - INFO - ====== Setup Wait ======
2024-03-07 20:25:03,098 - src.setup - INFO - Wait setup complete.
2024-03-07 20:25:03,483 - src.setup - INFO - start to visibility of element located
2024-03-07 20:27:14,171 - src.setup - INFO - ====== Setup Logging ======
2024-03-07 20:27:14,171 - src.setup - INFO - ====== Setup Driver ======
2024-03-07 20:27:14,171 - src.setup - INFO - ChromeOptions setup complete.
2024-03-07 20:27:14,171 - WDM - INFO - ====== WebDriver manager ======
2024-03-07 20:27:14,934 - WDM - INFO - Get LATEST chromedriver version for google-chrome
2024-03-07 20:27:15,209 - WDM - INFO - Get LATEST chromedriver version for google-chrome
2024-03-07 20:27:15,462 - WDM - INFO - Driver [C:\Users\elias\.wdm\drivers\chromedriver\win64\122.0.6261.111\chromedriver-win32/chromedriver.exe] found in cache
2024-03-07 20:27:16,550 - src.setup - INFO - Driver setup complete.
2024-03-07 20:27:16,550 - src.setup - INFO - ====== Setup Wait ======
2024-03-07 20:27:16,550 - src.setup - INFO - Wait setup complete.
2024-03-07 20:27:17,436 - src.setup - INFO - start to visibility of element located
2024-03-07 20:27:17,466 - src.setup - INFO - finish to visibility of element located
2024-03-07 20:27:24,669 - src.setup - INFO - Try to click on element.
2024-03-07 20:27:24,669 - src.setup - ERROR - Unable to click on element: AttributeError: 'WebDriver' object has no attribute 'driver'
2024-03-07 20:31:40,847 - src.setup - INFO - ====== Setup Logging ======
2024-03-07 20:31:40,847 - src.setup - INFO - ====== Setup Driver ======
2024-03-07 20:31:40,847 - src.setup - INFO - ChromeOptions setup complete.
2024-03-07 20:31:40,847 - WDM - INFO - ====== WebDriver manager ======
2024-03-07 20:31:41,621 - WDM - INFO - Get LATEST chromedriver version for google-chrome
2024-03-07 20:31:41,903 - WDM - INFO - Get LATEST chromedriver version for google-chrome
2024-03-07 20:31:42,186 - WDM - INFO - Driver [C:\Users\elias\.wdm\drivers\chromedriver\win64\122.0.6261.111\chromedriver-win32/chromedriver.exe] found in cache
2024-03-07 20:31:43,261 - src.setup - INFO - Driver setup complete.
2024-03-07 20:31:43,261 - src.setup - INFO - ====== Setup Wait ======
2024-03-07 20:31:43,261 - src.setup - INFO - Wait setup complete.
2024-03-07 20:31:43,760 - src.setup - INFO - start to visibility of element located
2024-03-07 20:31:43,791 - src.setup - INFO - finish to visibility of element located
2024-03-07 20:31:51,988 - src.setup - INFO - Try to click on element.
2024-03-07 20:31:52,032 - src.setup - ERROR - Unable to click on element: JavascriptException: Message: javascript error: arguments[0].click is not a function
  (Session info: chrome=122.0.6261.111)
Stacktrace:
	GetHandleVerifier [0x00FD8D33+51395]
	(No symbol) [0x00F45F91]
	(No symbol) [0x00DFE13A]
	(No symbol) [0x00E02480]
	(No symbol) [0x00E0408D]
	(No symbol) [0x00E6AEAC]
	(No symbol) [0x00E53E8C]
	(No symbol) [0x00E6A570]
	(No symbol) [0x00E53C26]
	(No symbol) [0x00E2C629]
	(No symbol) [0x00E2D40D]
	GetHandleVerifier [0x013564F3+3711107]
	GetHandleVerifier [0x013958DA+3970154]
	GetHandleVerifier [0x01390BC8+3950424]
	GetHandleVerifier [0x01089D39+776393]
	(No symbol) [0x00F51764]
	(No symbol) [0x00F4C648]
	(No symbol) [0x00F4C7F9]
	(No symbol) [0x00F3DE20]
	BaseThreadInitThunk [0x76E67BA9+25]
	RtlInitializeExceptionChain [0x77E2BDAB+107]
	RtlClearBits [0x77E2BD2F+191]

2024-03-07 20:36:41,666 - src.setup - INFO - ====== Setup Logging ======
2024-03-07 20:36:41,666 - src.setup - INFO - ====== Setup Driver ======
2024-03-07 20:36:41,666 - src.setup - INFO - ChromeOptions setup complete.
2024-03-07 20:36:41,666 - WDM - INFO - ====== WebDriver manager ======
2024-03-07 20:36:42,427 - WDM - INFO - Get LATEST chromedriver version for google-chrome
2024-03-07 20:36:42,661 - WDM - INFO - Get LATEST chromedriver version for google-chrome
2024-03-07 20:36:42,893 - WDM - INFO - Driver [C:\Users\elias\.wdm\drivers\chromedriver\win64\122.0.6261.111\chromedriver-win32/chromedriver.exe] found in cache
2024-03-07 20:36:43,990 - src.setup - INFO - Driver setup complete.
2024-03-07 20:36:43,990 - src.setup - INFO - ====== Setup Wait ======
2024-03-07 20:36:43,990 - src.setup - INFO - Wait setup complete.
2024-03-07 20:36:44,351 - src.setup - INFO - start to visibility of element located
2024-03-07 20:36:44,384 - src.setup - INFO - finish to visibility of element located
2024-03-07 20:36:51,521 - src.setup - INFO - Try to click on element.
2024-03-07 20:36:52,880 - src.setup - INFO - Success when clicking on element.
2024-03-08 09:35:07,235 - src.setup - INFO - ====== Setup Logging ======
2024-03-08 09:35:07,235 - src.setup - INFO - ====== Setup Driver ======
2024-03-08 09:35:07,235 - src.setup - INFO - ChromeOptions setup complete.
2024-03-08 09:35:07,235 - WDM - INFO - ====== WebDriver manager ======
2024-03-08 09:35:08,582 - WDM - INFO - Get LATEST chromedriver version for google-chrome
2024-03-08 09:35:08,820 - WDM - INFO - Get LATEST chromedriver version for google-chrome
2024-03-08 09:35:09,055 - WDM - INFO - Get LATEST chromedriver version for google-chrome
2024-03-08 09:35:09,539 - WDM - INFO - WebDriver version 122.0.6261.111 selected
2024-03-08 09:35:09,539 - WDM - INFO - Modern chrome version https://storage.googleapis.com/chrome-for-testing-public/122.0.6261.111/win32/chromedriver-win32.zip
2024-03-08 09:35:09,539 - WDM - INFO - About to download new driver from https://storage.googleapis.com/chrome-for-testing-public/122.0.6261.111/win32/chromedriver-win32.zip
2024-03-08 09:35:09,822 - WDM - INFO - Driver downloading response is 200
2024-03-08 09:35:10,087 - WDM - INFO - Get LATEST chromedriver version for google-chrome
2024-03-08 09:35:10,434 - WDM - INFO - Driver has been saved in cache [C:\Users\elias\.wdm\drivers\chromedriver\win64\122.0.6261.111]
2024-03-08 09:35:11,622 - src.setup - INFO - Driver setup complete.
2024-03-08 09:35:11,622 - src.setup - INFO - ====== Setup Wait ======
2024-03-08 09:35:11,622 - src.setup - INFO - Wait setup complete.
2024-03-08 09:35:11,863 - src.setup - INFO - start to visibility of element located
2024-03-08 09:39:38,999 - src.setup - INFO - ====== Setup Logging ======
2024-03-08 09:39:38,999 - src.setup - INFO - ====== Setup Driver ======
2024-03-08 09:39:38,999 - src.setup - INFO - ChromeOptions setup complete.
2024-03-08 09:39:38,999 - WDM - INFO - ====== WebDriver manager ======
2024-03-08 09:39:39,875 - WDM - INFO - Get LATEST chromedriver version for google-chrome
2024-03-08 09:39:40,113 - WDM - INFO - Get LATEST chromedriver version for google-chrome
2024-03-08 09:39:40,332 - WDM - INFO - Driver [C:\Users\elias\.wdm\drivers\chromedriver\win64\122.0.6261.111\chromedriver-win32/chromedriver.exe] found in cache
2024-03-08 09:39:41,440 - src.setup - INFO - Driver setup complete.
2024-03-08 09:39:41,440 - src.setup - INFO - ====== Setup Wait ======
2024-03-08 09:39:41,440 - src.setup - INFO - Wait setup complete.
2024-03-08 09:39:42,133 - src.setup - INFO - start to visibility of element located
